<?xml version="1.0" encoding="UTF-8"?>
<!-- Generated by org.testng.reporters.JUnitReportReporter -->
<testsuite hostname="JW7WPD730J" failures="0" tests="1" name="practice.OpenBrowser" time="15.679" errors="0" timestamp="2025-01-26T21:25:54 IST" skipped="0">
  <testcase classname="practice.OpenBrowser" name="launchBrowser" time="15.679"/>
</testsuite> <!-- practice.OpenBrowser -->
